SF:lib\data\datasources\tv_series_local_data_source.dart
DA:17,1
DA:19,1
DA:21,2
DA:22,4
DA:25,1
DA:27,2
DA:28,1
DA:29,4
DA:31,1
DA:35,1
DA:37,2
DA:39,1
DA:45,1
DA:47,2
DA:48,2
DA:54,1
DA:57,2
DA:60,2
DA:64,1
DA:67,2
DA:70,2
LF:21
LH:21
end_of_record
SF:lib\data\models\tv_series_table.dart
DA:12,14
DA:20,1
DA:21,1
DA:22,1
DA:23,1
DA:24,1
DA:25,1
DA:30,1
DA:31,1
DA:32,1
DA:33,1
DA:34,1
DA:35,1
DA:40,0
DA:41,0
DA:42,0
DA:43,0
DA:44,0
DA:45,0
DA:50,2
DA:51,1
DA:52,1
DA:53,1
DA:54,1
DA:58,1
DA:59,1
DA:60,1
DA:61,1
DA:62,1
DA:63,1
DA:67,2
DA:68,10
LF:32
LH:26
end_of_record
SF:lib\domain\entities\episod_to_air.dart
DA:18,15
DA:34,2
DA:35,2
DA:36,2
DA:37,2
DA:38,2
DA:39,2
DA:40,2
DA:41,2
DA:42,2
DA:43,2
DA:44,2
DA:45,2
DA:46,2
DA:47,2
DA:48,2
LF:16
LH:16
end_of_record
SF:lib\domain\entities\network.dart
DA:9,15
DA:16,2
DA:17,10
LF:3
LH:3
end_of_record
SF:lib\domain\entities\production_company.dart
DA:9,15
DA:16,2
DA:17,10
LF:3
LH:3
end_of_record
SF:lib\domain\entities\production_country.dart
DA:7,7
DA:12,2
DA:13,6
LF:3
LH:3
end_of_record
SF:lib\domain\entities\season.dart
DA:15,18
DA:26,4
DA:27,4
DA:28,4
DA:29,4
DA:30,4
DA:31,4
DA:32,4
DA:33,4
DA:34,4
DA:35,4
LF:11
LH:11
end_of_record
SF:lib\domain\entities\spoken_language.dart
DA:8,7
DA:14,2
DA:15,8
LF:3
LH:3
end_of_record
SF:lib\domain\entities\tv_series.dart
DA:20,22
DA:36,13
DA:51,3
DA:52,3
DA:53,3
DA:54,3
DA:55,3
DA:56,3
DA:57,3
DA:58,3
DA:59,3
DA:60,3
DA:61,3
DA:62,3
DA:63,3
DA:64,3
DA:65,3
LF:17
LH:17
end_of_record
SF:lib\domain\entities\tv_series_detail.dart
DA:46,7
DA:81,2
DA:82,2
DA:83,2
DA:84,2
DA:85,2
DA:86,2
DA:87,2
DA:88,2
DA:89,2
DA:90,2
DA:91,2
DA:92,2
DA:93,2
DA:94,2
DA:95,2
DA:96,2
DA:97,2
DA:98,2
DA:99,2
DA:100,2
DA:101,2
DA:102,2
DA:103,2
DA:104,2
DA:105,2
DA:106,2
DA:107,2
DA:108,2
DA:109,2
DA:110,2
DA:111,2
DA:112,2
DA:113,2
DA:114,2
LF:35
LH:35
end_of_record
SF:lib\data\datasources\db\tv_series_database_helper.dart
DA:8,0
DA:12,0
DA:13,0
DA:17,0
DA:20,0
DA:27,0
DA:28,0
DA:29,0
DA:31,0
DA:34,0
DA:39,0
DA:40,0
DA:48,0
DA:59,0
DA:61,0
DA:62,0
DA:63,0
DA:64,0
DA:65,0
DA:66,0
DA:71,0
DA:72,0
DA:73,0
DA:76,0
DA:82,0
DA:83,0
DA:84,0
DA:87,0
DA:91,0
DA:92,0
DA:93,0
DA:96,0
DA:97,0
DA:98,0
DA:101,0
DA:105,0
DA:106,0
DA:107,0
DA:110,0
DA:113,0
DA:114,0
DA:120,0
DA:121,0
DA:122,0
LF:44
LH:0
end_of_record
SF:lib\data\datasources\tv_series_remote_data_source.dart
DA:28,1
DA:30,1
DA:33,3
DA:35,2
DA:37,4
DA:43,1
DA:47,1
DA:50,3
DA:52,2
DA:54,4
DA:60,1
DA:64,1
DA:67,3
DA:69,2
DA:71,4
DA:77,1
DA:81,0
DA:84,0
DA:85,0
DA:87,0
DA:89,0
DA:90,0
DA:94,0
DA:98,0
DA:101,0
DA:102,0
DA:104,0
DA:106,0
DA:112,0
DA:132,1
DA:134,4
DA:136,2
DA:137,3
DA:139,1
DA:143,1
DA:145,1
DA:146,3
DA:148,2
DA:149,4
DA:151,1
LF:40
LH:27
end_of_record
SF:lib\data\models\season_detail_model.dart
DA:16,2
DA:29,1
DA:32,1
DA:33,4
DA:36,1
DA:37,1
DA:38,1
DA:39,1
DA:40,1
DA:41,1
DA:42,1
DA:43,1
DA:44,2
DA:50,1
DA:51,1
DA:52,2
DA:53,2
DA:54,2
DA:55,2
DA:56,2
DA:57,2
DA:58,2
DA:59,2
DA:60,6
DA:65,1
DA:66,1
DA:67,1
DA:68,1
DA:69,1
DA:70,1
DA:71,1
DA:72,1
DA:73,1
DA:74,1
DA:75,5
DA:79,2
DA:80,1
DA:81,1
DA:82,1
DA:83,1
DA:84,1
DA:85,1
DA:86,1
DA:87,1
LF:44
LH:44
end_of_record
SF:lib\data\models\tv_series_detail_model.dart
DA:12,3
DA:80,2
DA:81,2
DA:82,2
DA:83,4
DA:84,4
DA:85,2
DA:86,2
DA:87,8
DA:88,2
DA:89,2
DA:90,2
DA:91,4
DA:92,2
DA:93,2
DA:94,4
DA:96,2
DA:97,2
DA:98,4
DA:100,2
DA:101,8
DA:102,2
DA:103,2
DA:104,4
DA:105,2
DA:106,2
DA:107,2
DA:108,4
DA:109,2
DA:110,2
DA:111,2
DA:112,6
DA:113,0
DA:114,2
DA:115,2
DA:116,6
DA:117,0
DA:118,2
DA:119,8
DA:120,2
DA:121,2
DA:122,6
DA:123,0
DA:124,2
DA:125,2
DA:126,2
DA:127,4
DA:128,2
DA:130,2
DA:131,1
DA:132,1
DA:133,1
DA:134,1
DA:135,1
DA:136,5
DA:137,1
DA:138,1
DA:139,1
DA:140,1
DA:141,1
DA:143,3
DA:144,1
DA:145,2
DA:146,5
DA:147,1
DA:148,1
DA:149,1
DA:150,1
DA:151,1
DA:152,1
DA:153,1
DA:154,1
DA:156,5
DA:158,5
DA:159,5
DA:160,5
DA:161,1
DA:162,1
DA:163,1
DA:164,1
DA:165,1
DA:169,2
DA:170,2
DA:171,2
DA:172,2
DA:173,2
DA:174,2
DA:175,2
DA:176,10
DA:177,2
DA:178,2
DA:179,2
DA:180,2
DA:181,2
DA:182,4
DA:183,2
DA:184,4
DA:185,10
DA:186,2
DA:187,2
DA:188,2
DA:189,2
DA:190,2
DA:191,2
DA:192,2
DA:193,2
DA:195,10
DA:196,0
DA:198,10
DA:199,0
DA:200,10
DA:202,10
DA:203,0
DA:204,2
DA:205,2
DA:206,2
DA:207,2
DA:208,2
DA:212,2
DA:213,2
DA:214,2
DA:215,2
DA:216,2
DA:217,2
DA:218,2
DA:219,2
DA:220,2
DA:221,2
DA:222,2
DA:223,2
DA:224,2
DA:225,2
DA:226,2
DA:227,2
DA:228,2
DA:229,2
DA:230,2
DA:231,2
DA:232,2
DA:233,2
DA:234,2
DA:235,2
DA:236,2
DA:237,2
DA:238,2
DA:239,2
DA:240,2
DA:241,2
DA:242,2
DA:243,2
DA:244,2
DA:245,2
LF:152
LH:146
end_of_record
SF:lib\data\models\tv_series_model.dart
DA:5,5
DA:35,2
DA:36,2
DA:37,2
DA:38,2
DA:39,8
DA:40,2
DA:41,2
DA:43,8
DA:44,2
DA:45,2
DA:46,2
DA:47,4
DA:48,2
DA:49,4
DA:50,2
DA:54,1
DA:55,1
DA:56,1
DA:57,1
DA:58,4
DA:59,1
DA:60,1
DA:61,4
DA:62,1
DA:63,1
DA:64,1
DA:65,1
DA:66,1
DA:67,1
DA:68,1
DA:73,2
DA:74,2
DA:75,2
DA:76,2
DA:77,2
DA:78,2
DA:79,2
DA:80,2
DA:81,2
DA:82,2
DA:83,2
DA:84,2
DA:85,2
DA:86,2
DA:87,2
DA:91,2
DA:92,2
DA:93,2
DA:94,2
DA:95,2
DA:96,2
DA:97,2
DA:98,2
DA:99,2
DA:100,2
DA:101,2
DA:102,2
DA:103,2
DA:104,2
DA:105,2
LF:61
LH:61
end_of_record
SF:lib\domain\entities\season_detail.dart
DA:15,3
DA:27,1
DA:28,1
DA:29,1
DA:30,1
DA:31,1
DA:32,1
DA:33,1
DA:34,1
DA:35,1
DA:36,1
DA:37,1
LF:12
LH:12
end_of_record
SF:lib\data\models\tv_series_response.dart
DA:7,3
DA:9,2
DA:10,2
DA:11,5
DA:12,6
DA:13,8
DA:16,2
DA:17,5
DA:20,1
DA:21,2
LF:10
LH:10
end_of_record
SF:lib\data\models\tv_series_season_detail_response.dart
DA:7,1
DA:9,1
DA:10,1
DA:11,1
DA:14,3
DA:16,1
DA:17,2
LF:7
LH:7
end_of_record
SF:lib\data\models\episod_model.dart
DA:21,2
DA:39,1
DA:40,1
DA:41,1
DA:42,1
DA:43,1
DA:44,1
DA:45,1
DA:46,1
DA:47,1
DA:48,1
DA:49,1
DA:50,1
DA:51,1
DA:52,2
DA:53,1
DA:54,3
DA:55,1
DA:56,2
DA:61,1
DA:62,1
DA:63,1
DA:64,1
DA:65,1
DA:66,1
DA:67,1
DA:68,1
DA:69,1
DA:70,1
DA:71,1
DA:72,1
DA:73,1
DA:74,1
DA:75,1
DA:76,1
DA:77,1
DA:81,1
DA:82,1
DA:83,1
DA:84,1
DA:85,1
DA:86,1
DA:87,1
DA:88,1
DA:89,1
DA:90,1
DA:91,1
DA:92,1
DA:93,1
DA:94,1
DA:95,1
DA:96,1
DA:97,1
DA:101,2
DA:102,1
DA:103,1
DA:104,1
DA:105,1
DA:106,1
DA:107,1
DA:108,1
DA:109,1
DA:110,1
DA:111,1
DA:112,1
DA:113,1
DA:114,1
DA:115,1
DA:116,1
LF:69
LH:69
end_of_record
SF:lib\domain\entities\episode.dart
DA:20,2
DA:38,2
DA:39,1
DA:40,1
DA:41,1
DA:42,1
DA:43,1
DA:44,1
DA:45,1
DA:46,1
DA:47,1
DA:48,1
DA:49,1
DA:50,1
DA:51,1
DA:52,1
DA:53,1
LF:17
LH:17
end_of_record
SF:lib\data\models\episod_to_air_model.dart
DA:5,4
DA:35,2
DA:36,2
DA:37,2
DA:38,2
DA:39,2
DA:40,4
DA:41,2
DA:42,2
DA:43,2
DA:44,2
DA:45,2
DA:46,2
DA:47,2
DA:48,2
DA:49,2
DA:53,1
DA:54,1
DA:55,1
DA:56,1
DA:57,1
DA:58,1
DA:59,1
DA:60,1
DA:61,1
DA:62,1
DA:63,1
DA:64,1
DA:65,1
DA:66,1
DA:67,1
DA:71,2
DA:72,2
DA:73,2
DA:74,2
DA:75,2
DA:76,2
DA:77,2
DA:78,2
DA:79,2
DA:80,2
DA:81,2
DA:82,2
DA:83,2
DA:84,2
DA:85,2
DA:89,4
DA:90,2
DA:91,2
DA:92,2
DA:93,2
DA:94,2
DA:95,2
DA:96,2
DA:97,2
DA:98,2
DA:99,2
DA:100,2
DA:101,2
DA:102,2
LF:60
LH:60
end_of_record
SF:lib\data\models\network_model.dart
DA:10,5
DA:17,2
DA:18,2
DA:19,2
DA:20,2
DA:21,2
DA:22,2
DA:26,1
DA:27,1
DA:28,1
DA:29,1
DA:30,1
DA:31,1
DA:35,2
DA:36,2
DA:37,2
DA:38,2
DA:39,2
DA:40,2
DA:44,2
DA:45,10
LF:21
LH:21
end_of_record
SF:lib\data\models\production_company_model.dart
DA:10,5
DA:18,2
DA:19,2
DA:20,2
DA:21,2
DA:22,2
DA:23,2
DA:28,1
DA:29,1
DA:30,1
DA:31,1
DA:32,1
DA:33,1
DA:38,2
DA:39,2
DA:40,2
DA:41,2
DA:42,2
DA:43,2
DA:47,2
DA:48,10
LF:21
LH:21
end_of_record
SF:lib\data\models\production_country_model.dart
DA:5,6
DA:13,2
DA:14,2
DA:15,2
DA:16,2
DA:20,1
DA:21,1
DA:22,1
DA:23,1
DA:27,2
DA:28,2
DA:29,2
DA:30,2
DA:34,2
DA:35,6
LF:15
LH:15
end_of_record
SF:lib\data\models\season_model.dart
DA:14,6
DA:25,2
DA:26,2
DA:27,2
DA:28,2
DA:29,2
DA:30,2
DA:31,2
DA:32,2
DA:33,2
DA:34,2
DA:38,2
DA:39,2
DA:40,2
DA:41,2
DA:42,2
DA:43,2
DA:44,2
DA:45,2
DA:46,2
DA:47,4
DA:52,1
DA:53,1
DA:54,1
DA:55,1
DA:56,1
DA:57,1
DA:58,1
DA:59,1
DA:60,1
DA:61,1
DA:66,3
DA:67,3
DA:68,3
DA:69,3
DA:70,3
DA:71,3
DA:72,3
DA:73,3
DA:74,3
DA:75,3
LF:41
LH:41
end_of_record
SF:lib\data\models\spoken_language_model.dart
DA:9,5
DA:16,2
DA:17,2
DA:18,2
DA:19,2
DA:20,2
DA:25,1
DA:26,1
DA:27,1
DA:28,1
DA:29,1
DA:34,2
DA:35,2
DA:36,2
DA:37,2
DA:38,2
DA:42,2
DA:43,8
LF:18
LH:18
end_of_record
SF:lib\data\models\tv_series_detail_response.dart
DA:7,1
DA:9,1
DA:10,1
DA:11,1
DA:14,3
DA:16,1
DA:17,2
LF:7
LH:7
end_of_record
SF:lib\domain\usecases\get_tv_series_airing_today.dart
DA:9,1
DA:11,1
DA:12,2
LF:3
LH:3
end_of_record
SF:lib\data\repositories\tv_series_repository_impl.dart
DA:19,1
DA:25,1
DA:27,2
DA:29,2
DA:30,2
DA:31,4
DA:32,5
DA:33,1
DA:34,2
DA:38,0
DA:39,0
DA:40,0
DA:41,0
DA:46,1
DA:48,2
DA:49,5
DA:52,1
DA:55,2
DA:56,5
DA:57,1
DA:58,2
DA:59,1
DA:60,2
DA:64,1
DA:67,2
DA:68,5
DA:69,1
DA:70,2
DA:71,1
DA:72,2
DA:76,0
DA:80,0
DA:82,0
DA:83,0
DA:84,0
DA:85,0
DA:86,0
DA:90,1
DA:94,2
DA:95,3
DA:96,1
DA:97,2
DA:98,1
DA:99,2
DA:103,1
DA:107,2
DA:108,2
DA:109,1
DA:110,2
DA:111,1
DA:112,2
DA:116,1
DA:119,2
DA:120,5
DA:121,1
DA:122,2
DA:123,1
DA:124,2
DA:128,1
DA:132,1
DA:133,2
DA:134,1
DA:135,1
DA:136,3
DA:142,1
DA:144,2
DA:148,1
DA:152,1
DA:153,2
DA:154,1
DA:155,1
DA:156,3
LF:72
LH:61
end_of_record
SF:lib\domain\usecases\get_tv_series_detail.dart
DA:9,1
DA:11,1
DA:12,2
LF:3
LH:3
end_of_record
SF:lib\domain\usecases\get_tv_series_popular.dart
DA:9,1
DA:11,1
DA:12,2
LF:3
LH:3
end_of_record
SF:lib\domain\usecases\get_tv_series_recommendations.dart
DA:9,1
DA:11,1
DA:12,2
LF:3
LH:3
end_of_record
SF:lib\domain\usecases\get_tv_series_seasons.dart
DA:9,1
DA:11,1
DA:12,2
LF:3
LH:3
end_of_record
SF:lib\domain\usecases\get_tv_series_top_rated.dart
DA:9,1
DA:11,1
DA:12,2
LF:3
LH:3
end_of_record
SF:lib\domain\usecases\get_tv_series_watchist_status.dart
DA:6,1
DA:8,1
DA:9,2
LF:3
LH:3
end_of_record
SF:lib\domain\usecases\get_tv_series_watchlist.dart
DA:9,1
DA:11,1
DA:12,2
LF:3
LH:3
end_of_record
SF:lib\domain\usecases\remove_tv_series_watchlist.dart
DA:9,1
DA:11,1
DA:12,2
LF:3
LH:3
end_of_record
SF:lib\domain\usecases\save_tv_series_watchlist.dart
DA:9,1
DA:11,1
DA:12,2
LF:3
LH:3
end_of_record
SF:lib\presentation\bloc\tv_series_event.dart
DA:4,10
DA:6,0
DA:7,0
DA:13,1
DA:15,0
DA:16,0
DA:22,1
DA:26,0
DA:27,0
DA:28,0
DA:35,0
DA:39,0
DA:40,0
DA:41,0
DA:49,0
DA:54,0
DA:55,0
DA:56,0
DA:57,0
DA:62,6
DA:64,0
DA:65,0
DA:69,2
DA:71,0
DA:72,0
DA:76,2
DA:78,0
DA:79,0
DA:83,1
DA:85,0
DA:86,0
DA:92,1
DA:94,0
DA:95,0
DA:101,0
DA:103,0
DA:104,0
DA:110,0
DA:112,0
DA:113,0
LF:40
LH:8
end_of_record
SF:lib\presentation\bloc\tv_series_bloc.dart
DA:24,0
DA:26,0
DA:27,0
DA:30,0
DA:31,0
DA:33,0
DA:35,0
DA:36,0
DA:37,0
DA:39,0
DA:40,0
DA:49,0
DA:51,0
DA:52,0
DA:55,0
DA:56,0
DA:58,0
DA:60,0
DA:61,0
DA:62,0
DA:64,0
DA:65,0
DA:74,0
DA:76,0
DA:77,0
DA:80,0
DA:81,0
DA:84,0
DA:86,0
DA:87,0
DA:88,0
DA:90,0
DA:91,0
DA:103,0
DA:108,0
DA:109,0
DA:110,0
DA:111,0
DA:112,0
DA:115,0
DA:116,0
DA:118,0
DA:120,0
DA:123,0
DA:124,0
DA:126,0
DA:128,0
DA:129,0
DA:130,0
DA:132,0
DA:133,0
DA:134,0
DA:136,0
DA:142,0
DA:143,0
DA:145,0
DA:146,0
DA:147,0
DA:149,0
DA:151,0
DA:152,0
DA:157,0
DA:158,0
DA:160,0
DA:161,0
DA:162,0
DA:164,0
DA:165,0
DA:166,0
DA:175,1
DA:177,2
DA:178,2
DA:181,1
DA:182,2
DA:184,2
DA:186,1
DA:187,1
DA:188,3
DA:190,1
DA:191,1
DA:192,0
DA:194,2
DA:204,1
DA:206,2
DA:207,2
DA:210,1
DA:211,2
DA:213,2
DA:215,1
DA:216,1
DA:217,3
DA:219,1
DA:220,1
DA:221,0
DA:223,2
DA:233,1
DA:235,2
DA:236,2
DA:239,1
DA:240,2
DA:242,2
DA:244,1
DA:245,1
DA:246,3
DA:248,1
DA:249,1
DA:250,0
DA:252,2
LF:108
LH:36
end_of_record
SF:lib\presentation\bloc\tv_series_state.dart
DA:4,12
DA:6,1
DA:7,1
DA:13,5
DA:15,1
DA:16,2
DA:23,0
DA:28,0
DA:29,0
DA:30,0
DA:31,0
DA:38,0
DA:40,0
DA:41,0
DA:47,0
DA:49,0
DA:50,0
DA:56,0
DA:58,0
DA:59,0
DA:65,0
DA:67,0
DA:68,0
DA:74,0
DA:76,0
DA:77,0
DA:87,7
DA:89,1
DA:90,2
LF:29
LH:9
end_of_record
SF:lib\presentation\provider\tv_series_airing_today_notifier.dart
DA:9,1
DA:12,2
DA:15,2
DA:18,2
DA:20,1
DA:21,1
DA:22,1
DA:24,2
DA:25,1
DA:26,1
DA:27,2
DA:28,1
DA:29,1
DA:31,1
DA:32,1
DA:33,1
DA:34,1
LF:17
LH:17
end_of_record
SF:lib\presentation\pages\tv_series_detail_page.dart
DA:18,1
DA:20,1
DA:21,1
DA:25,1
DA:27,2
DA:28,6
DA:29,3
DA:30,1
DA:31,4
DA:32,3
DA:33,1
DA:34,4
DA:35,1
DA:38,1
DA:40,1
DA:41,1
DA:42,1
DA:43,1
DA:47,1
DA:48,0
DA:49,0
DA:51,0
DA:52,0
DA:57,1
DA:61,1
DA:62,1
DA:64,2
DA:67,0
DA:79,0
DA:85,0
DA:91,0
DA:92,0
DA:95,0
DA:96,0
DA:101,0
DA:103,0
DA:104,0
DA:105,0
DA:106,0
DA:108,0
DA:110,0
DA:113,0
DA:115,0
DA:117,0
DA:118,0
DA:119,0
DA:129,0
DA:130,0
DA:131,0
DA:133,0
DA:135,0
DA:137,0
DA:138,0
DA:139,0
DA:140,0
DA:142,0
DA:143,0
DA:144,0
DA:149,0
DA:150,0
DA:151,0
DA:152,0
DA:154,0
DA:160,0
DA:163,0
DA:164,0
DA:165,0
DA:166,0
DA:169,0
DA:170,0
DA:171,0
DA:172,0
DA:176,0
DA:178,0
DA:180,0
DA:181,0
DA:184,0
DA:186,0
DA:188,0
DA:189,0
DA:191,0
DA:193,0
DA:198,0
DA:200,0
DA:215,0
DA:217,0
DA:220,0
DA:222,0
DA:223,0
DA:232,0
DA:233,0
DA:234,0
DA:235,0
DA:236,0
DA:237,0
DA:240,0
DA:241,0
DA:245,0
DA:246,0
DA:250,0
DA:251,0
DA:254,0
DA:255,0
DA:258,0
DA:259,0
DA:264,0
DA:266,0
DA:274,0
DA:278,0
DA:279,0
DA:281,0
DA:284,0
DA:290,0
DA:291,0
DA:293,0
DA:295,0
DA:296,0
DA:297,0
DA:299,0
DA:300,0
DA:301,0
DA:302,0
DA:303,0
DA:305,0
DA:307,0
DA:311,0
DA:313,0
DA:314,0
DA:317,0
DA:323,0
DA:328,0
DA:329,0
DA:331,0
DA:332,0
DA:333,0
DA:337,0
DA:338,0
DA:340,0
DA:341,0
DA:345,0
DA:346,0
DA:348,0
DA:351,0
DA:358,0
DA:359,0
DA:361,0
DA:362,0
DA:363,0
DA:365,0
DA:366,0
DA:367,0
DA:370,0
DA:373,0
DA:377,0
DA:379,0
DA:380,0
DA:383,0
DA:389,0
DA:393,0
DA:396,0
DA:398,0
DA:399,0
DA:401,0
DA:403,0
DA:405,0
DA:406,0
DA:407,0
DA:416,0
DA:417,0
DA:418,0
DA:419,0
DA:423,0
DA:424,0
DA:425,0
DA:427,0
DA:429,0
DA:430,0
DA:431,0
DA:432,0
DA:433,0
DA:435,0
DA:436,0
DA:439,0
DA:441,0
DA:442,0
DA:443,0
DA:450,0
DA:452,0
DA:453,0
DA:454,0
DA:457,0
DA:459,0
DA:460,0
DA:463,0
DA:475,0
DA:479,0
DA:480,0
DA:482,0
DA:491,0
DA:493,0
DA:494,0
DA:497,0
DA:501,0
DA:504,0
DA:505,0
DA:506,0
DA:508,0
DA:509,0
DA:511,0
LF:209
LH:23
end_of_record
SF:lib\presentation\pages\tv_series_airing_today_page.dart
DA:9,1
DA:11,1
DA:13,1
DA:17,1
DA:19,2
DA:20,3
DA:21,1
DA:24,1
DA:26,1
DA:27,1
DA:30,1
DA:32,1
DA:33,1
DA:34,1
DA:38,1
DA:39,1
DA:40,1
DA:41,1
DA:42,1
DA:43,1
DA:45,1
DA:47,1
DA:51,1
DA:52,1
DA:54,2
DA:57,0
LF:26
LH:25
end_of_record
SF:lib\presentation\widgets\tv_series_card_list.dart
DA:10,4
DA:12,4
DA:14,4
DA:16,4
DA:17,0
DA:18,0
DA:21,0
DA:24,4
DA:26,4
DA:27,4
DA:28,4
DA:34,4
DA:36,4
DA:37,4
DA:38,8
DA:41,4
DA:44,4
DA:45,8
DA:53,4
DA:58,4
DA:59,12
DA:61,4
DA:64,0
LF:23
LH:19
end_of_record
SF:lib\presentation\provider\tv_series_detail_notifier.dart
DA:21,1
DA:34,2
DA:36,2
DA:39,1
DA:40,1
DA:42,2
DA:45,0
DA:47,2
DA:50,2
DA:53,2
DA:55,1
DA:56,1
DA:57,1
DA:59,2
DA:60,2
DA:63,1
DA:64,1
DA:65,1
DA:66,2
DA:67,1
DA:69,1
DA:70,1
DA:71,1
DA:72,1
DA:75,2
DA:79,1
DA:80,1
DA:81,1
DA:82,2
DA:83,1
DA:85,1
DA:86,1
DA:87,1
DA:88,1
DA:96,2
DA:98,1
DA:99,2
DA:101,1
DA:102,1
DA:103,2
DA:105,1
DA:106,1
DA:110,2
DA:113,1
DA:114,2
DA:116,1
DA:117,0
DA:118,0
DA:120,1
DA:121,1
DA:125,2
DA:128,1
DA:129,2
DA:130,1
DA:131,1
LF:55
LH:52
end_of_record
SF:lib\presentation\pages\tv_series_popular_page.dart
DA:9,1
DA:11,1
DA:12,1
DA:16,1
DA:18,1
DA:19,4
DA:20,1
DA:23,1
DA:25,1
DA:26,1
DA:29,1
DA:31,1
DA:32,1
DA:33,1
DA:37,1
DA:38,1
DA:39,1
DA:40,1
DA:41,1
DA:42,1
DA:44,1
DA:46,1
DA:50,1
DA:51,1
DA:53,2
DA:56,0
LF:26
LH:25
end_of_record
SF:lib\presentation\pages\tv_series_top_rated_page.dart
DA:9,1
DA:11,1
DA:12,1
DA:16,1
DA:18,1
DA:19,4
DA:20,1
DA:23,1
DA:25,1
DA:26,1
DA:29,1
DA:31,1
DA:32,1
DA:33,1
DA:37,1
DA:38,1
DA:39,1
DA:40,1
DA:41,1
DA:42,1
DA:44,1
DA:46,1
DA:50,1
DA:51,1
DA:53,2
DA:56,0
LF:26
LH:25
end_of_record
SF:lib\presentation\pages\tv_series_watch_list_page.dart
DA:10,1
DA:12,1
DA:13,1
DA:18,1
DA:20,2
DA:21,3
DA:22,1
DA:25,1
DA:27,1
DA:28,4
DA:31,0
DA:33,0
DA:36,1
DA:38,1
DA:39,1
DA:42,1
DA:44,1
DA:45,1
DA:46,1
DA:50,1
DA:51,1
DA:52,1
DA:53,1
DA:54,1
DA:55,1
DA:57,1
DA:59,1
DA:63,1
DA:64,1
DA:66,2
DA:69,0
DA:77,1
DA:79,2
DA:80,1
LF:34
LH:31
end_of_record
SF:lib\presentation\provider\tv_series_list_notifier.dart
DA:13,1
DA:20,2
DA:22,2
DA:25,2
DA:27,2
DA:30,2
DA:32,2
DA:35,2
DA:37,1
DA:38,1
DA:39,1
DA:41,2
DA:42,1
DA:43,1
DA:44,2
DA:45,1
DA:46,1
DA:48,1
DA:49,1
DA:50,1
DA:51,1
DA:56,1
DA:57,1
DA:58,1
DA:60,2
DA:61,1
DA:62,1
DA:63,2
DA:64,1
DA:65,1
DA:67,1
DA:68,1
DA:69,1
DA:70,1
DA:75,1
DA:76,1
DA:77,1
DA:79,2
DA:80,1
DA:81,1
DA:82,2
DA:83,1
DA:84,1
DA:86,1
DA:87,1
DA:88,1
DA:89,1
LF:47
LH:47
end_of_record
SF:lib\presentation\provider\tv_series_popular_notifier.dart
DA:9,1
DA:12,2
DA:15,2
DA:18,2
DA:20,1
DA:21,1
DA:22,1
DA:24,2
DA:25,1
DA:26,1
DA:27,2
DA:28,1
DA:29,1
DA:31,1
DA:32,1
DA:33,1
DA:34,1
LF:17
LH:17
end_of_record
SF:lib\presentation\provider\tv_series_season_notifier.dart
DA:9,1
DA:12,2
DA:15,2
DA:18,2
DA:20,1
DA:22,1
DA:23,1
DA:25,2
DA:26,1
DA:27,1
DA:28,2
DA:29,1
DA:30,1
DA:32,1
DA:33,1
DA:34,1
DA:35,1
LF:17
LH:17
end_of_record
SF:lib\presentation\provider\tv_series_top_rated_notifier.dart
DA:9,1
DA:12,2
DA:15,2
DA:18,2
DA:20,1
DA:21,1
DA:22,1
DA:24,2
DA:25,1
DA:26,1
DA:27,2
DA:28,1
DA:29,1
DA:31,1
DA:32,1
DA:33,1
DA:34,1
LF:17
LH:17
end_of_record
SF:lib\presentation\provider\tv_series_watchlist_notifier.dart
DA:8,2
DA:11,2
DA:14,2
DA:16,1
DA:20,1
DA:21,1
DA:22,1
DA:24,2
DA:25,1
DA:26,1
DA:27,1
DA:28,2
DA:29,1
DA:31,1
DA:32,1
DA:33,1
DA:34,1
LF:17
LH:17
end_of_record
